=== GPU 모드 QPS 측정 ===
측정 시간: 30초
동시 실행: 8개 쿼리
시작 시간: Thu Jul 17 02:44:39 PM KST 2025

WORKER_1:COMPLETED:3:30.705865305
WORKER_2:COMPLETED:3:36.733898001
WORKER_5:COMPLETED:2:37.162949512
WORKER_6:COMPLETED:3:37.186693942
WORKER_4:COMPLETED:2:37.245617178
WORKER_7:COMPLETED:2:39.044970272
WORKER_8:COMPLETED:3:39.038445612
WORKER_3:COMPLETED:2:39.081990868

=== 결과 집계 ===
실제 측정 시간: 39초
Worker 1: 3 쿼리 완료
Worker 2: 3 쿼리 완료
Worker 3: 2 쿼리 완료
Worker 4: 2 쿼리 완료
Worker 5: 2 쿼리 완료
Worker 6: 3 쿼리 완료
Worker 7: 2 쿼리 완료
Worker 8: 3 쿼리 완료

총 완료 쿼리: 20
QPS (Query Per Second): .51
평균 쿼리 실행 시간: 14.8100초
종료 시간: Thu Jul 17 02:45:18 PM KST 2025
