=== GPU 모드 QPS 측정 ===
측정 시간: 30초
동시 실행: 8개 쿼리
시작 시간: Thu Jul 17 02:46:04 PM KST 2025

WORKER_8:COMPLETED:2:32.713593919
WORKER_2:COMPLETED:2:33.595553878
WORKER_5:COMPLETED:3:33.650677121
WORKER_1:COMPLETED:3:33.688905376
WORKER_7:COMPLETED:3:36.314503551
WORKER_6:COMPLETED:2:36.321507733
WORKER_3:COMPLETED:2:36.366710130
WORKER_4:COMPLETED:3:36.362203108

=== 결과 집계 ===
실제 측정 시간: 36초
Worker 1: 3 쿼리 완료
Worker 2: 2 쿼리 완료
Worker 3: 2 쿼리 완료
Worker 4: 3 쿼리 완료
Worker 5: 3 쿼리 완료
Worker 6: 2 쿼리 완료
Worker 7: 3 쿼리 완료
Worker 8: 2 쿼리 완료

총 완료 쿼리: 20
QPS (Query Per Second): .55
평균 쿼리 실행 시간: 13.9506초
종료 시간: Thu Jul 17 02:46:40 PM KST 2025
