=== GPU 모드 QPS 측정 ===
측정 시간: 30초
동시 실행: 8개 쿼리
시작 시간: Thu Jul 17 02:49:00 PM KST 2025

WORKER_6:COMPLETED:1:40.245291022
WORKER_5:COMPLETED:1:40.249192582
WORKER_7:COMPLETED:2:40.247637685
WORKER_8:COMPLETED:1:40.254749518
WORKER_2:COMPLETED:2:40.251699604
WORKER_4:COMPLETED:1:40.262640517
WORKER_1:COMPLETED:2:40.270092987
WORKER_3:COMPLETED:2:45.561520872

=== 결과 집계 ===
실제 측정 시간: 46초
Worker 1: 2 쿼리 완료
Worker 2: 2 쿼리 완료
Worker 3: 2 쿼리 완료
Worker 4: 1 쿼리 완료
Worker 5: 1 쿼리 완료
Worker 6: 1 쿼리 완료
Worker 7: 2 쿼리 완료
Worker 8: 1 쿼리 완료

총 완료 쿼리: 12
QPS (Query Per Second): .26
평균 쿼리 실행 시간: 27.2785초
종료 시간: Thu Jul 17 02:49:46 PM KST 2025
