=== CPU 모드 QPS 측정 ===
측정 시간: 30초
동시 실행: 8개 쿼리
시작 시간: Thu Jul 17 02:48:16 PM KST 2025

WORKER_5:COMPLETED:2:33.443863593
WORKER_4:COMPLETED:4:37.243125078
WORKER_3:COMPLETED:4:37.722294733
WORKER_6:COMPLETED:2:37.888707396
WORKER_2:COMPLETED:4:37.890711853
WORKER_1:COMPLETED:4:37.937741444
WORKER_7:COMPLETED:2:38.013889719
WORKER_8:COMPLETED:3:41.235082509

=== 결과 집계 ===
실제 측정 시간: 41초
Worker 1: 4 쿼리 완료
Worker 2: 4 쿼리 완료
Worker 3: 4 쿼리 완료
Worker 4: 4 쿼리 완료
Worker 5: 2 쿼리 완료
Worker 6: 2 쿼리 완료
Worker 7: 2 쿼리 완료
Worker 8: 3 쿼리 완료

총 완료 쿼리: 25
QPS (Query Per Second): .60
평균 쿼리 실행 시간: 12.0550초
종료 시간: Thu Jul 17 02:48:57 PM KST 2025
