=== CPU 모드 QPS 측정 ===
측정 시간: 30초
동시 실행: 8개 쿼리
시작 시간: Thu Jul 17 02:46:45 PM KST 2025

WORKER_4:COMPLETED:2:29.200694595
WORKER_5:COMPLETED:5:33.576013000
WORKER_2:COMPLETED:5:33.631535671
WORKER_3:COMPLETED:5:35.937846203
WORKER_6:COMPLETED:5:36.030367742
WORKER_7:COMPLETED:3:37.440570385
WORKER_8:COMPLETED:3:40.088644712
WORKER_1:COMPLETED:3:40.212153226

=== 결과 집계 ===
실제 측정 시간: 41초
Worker 1: 3 쿼리 완료
Worker 2: 5 쿼리 완료
Worker 3: 5 쿼리 완료
Worker 4: 2 쿼리 완료
Worker 5: 5 쿼리 완료
Worker 6: 5 쿼리 완료
Worker 7: 3 쿼리 완료
Worker 8: 3 쿼리 완료

총 완료 쿼리: 31
QPS (Query Per Second): .75
평균 쿼리 실행 시간: 9.2296초
종료 시간: Thu Jul 17 02:47:26 PM KST 2025
