=== GPU 모드 QPS 측정 ===
측정 시간: 30초
동시 실행: 8개 쿼리
시작 시간: Thu Jul 17 02:36:23 PM KST 2025

WORKER_1:COMPLETED:1:29.703841323
WORKER_6:COMPLETED:1:30.699605238
WORKER_4:COMPLETED:3:31.204353608
WORKER_3:COMPLETED:3:31.207190598
WORKER_7:COMPLETED:1:31.224613737
WORKER_5:COMPLETED:3:31.212674726
WORKER_8:COMPLETED:3:31.214831325
WORKER_2:COMPLETED:2:34.807880301

=== 결과 집계 ===
실제 측정 시간: 35초
Worker 1: 1 쿼리 완료
Worker 2: 2 쿼리 완료
Worker 3: 3 쿼리 완료
Worker 4: 3 쿼리 완료
Worker 5: 3 쿼리 완료
Worker 6: 1 쿼리 완료
Worker 7: 1 쿼리 완료
Worker 8: 3 쿼리 완료

총 완료 쿼리: 17
QPS (Query Per Second): .48
평균 쿼리 실행 시간: 14.7808초
종료 시간: Thu Jul 17 02:36:58 PM KST 2025
