=== GPU 모드 QPS 측정 ===
측정 시간: 30초
동시 실행: 8개 쿼리
시작 시간: Thu Jul 17 02:34:53 PM KST 2025

WORKER_8:COMPLETED:2:41.436765059
WORKER_3:COMPLETED:4:42.856116553
WORKER_5:COMPLETED:2:43.134362984
WORKER_7:COMPLETED:4:43.150499898
WORKER_6:COMPLETED:2:44.623910506
WORKER_4:COMPLETED:2:44.659480264
WORKER_2:COMPLETED:4:44.648627902
WORKER_1:COMPLETED:3:44.687319350

=== 결과 집계 ===
실제 측정 시간: 45초
Worker 1: 3 쿼리 완료
Worker 2: 4 쿼리 완료
Worker 3: 4 쿼리 완료
Worker 4: 2 쿼리 완료
Worker 5: 2 쿼리 완료
Worker 6: 2 쿼리 완료
Worker 7: 4 쿼리 완료
Worker 8: 2 쿼리 완료

총 완료 쿼리: 23
QPS (Query Per Second): .51
평균 쿼리 실행 시간: 15.1824초
종료 시간: Thu Jul 17 02:35:38 PM KST 2025
