=== GPU 모드 QPS 측정 ===
측정 시간: 30초
동시 실행: 16개 쿼리
시작 시간: Thu Jul 17 02:43:06 PM KST 2025

WORKER_2:COMPLETED:3:35.518067602
WORKER_5:COMPLETED:3:35.638918080
WORKER_7:COMPLETED:3:35.763460977
WORKER_13:COMPLETED:3:36.046930785
WORKER_9:COMPLETED:2:42.161773598
WORKER_15:COMPLETED:2:42.163827229
WORKER_4:COMPLETED:2:42.169385599
WORKER_10:COMPLETED:2:42.183113686
WORKER_12:COMPLETED:2:42.191278076
WORKER_3:COMPLETED:2:42.248463755
WORKER_14:COMPLETED:2:42.251540634
WORKER_16:COMPLETED:2:42.278153626
WORKER_11:COMPLETED:2:42.282850915
WORKER_8:COMPLETED:2:42.293411827
WORKER_1:COMPLETED:2:42.325926139
WORKER_6:COMPLETED:2:42.331831503

=== 결과 집계 ===
실제 측정 시간: 42초
Worker 1: 2 쿼리 완료
Worker 2: 3 쿼리 완료
Worker 3: 2 쿼리 완료
Worker 4: 2 쿼리 완료
Worker 5: 3 쿼리 완료
Worker 6: 2 쿼리 완료
Worker 7: 3 쿼리 완료
Worker 8: 2 쿼리 완료
Worker 9: 2 쿼리 완료
Worker 10: 2 쿼리 완료
Worker 11: 2 쿼리 완료
Worker 12: 2 쿼리 완료
Worker 13: 3 쿼리 완료
Worker 14: 2 쿼리 완료
Worker 15: 2 쿼리 완료
Worker 16: 2 쿼리 완료

총 완료 쿼리: 36
QPS (Query Per Second): .85
평균 쿼리 실행 시간: 18.0513초
종료 시간: Thu Jul 17 02:43:48 PM KST 2025
