=== CPU 모드 QPS 측정 ===
측정 시간: 30초
동시 실행: 16개 쿼리
시작 시간: Thu Jul 17 02:43:53 PM KST 2025

WORKER_3:COMPLETED:5:31.592030517
WORKER_5:COMPLETED:5:31.701664431
WORKER_12:COMPLETED:4:31.896159958
WORKER_6:COMPLETED:3:33.220482760
WORKER_1:COMPLETED:3:33.365112412
WORKER_10:COMPLETED:5:33.834715085
WORKER_15:COMPLETED:3:34.510310959
WORKER_13:COMPLETED:3:35.112179232
WORKER_16:COMPLETED:3:37.621897131
WORKER_14:COMPLETED:3:38.754943906
WORKER_9:COMPLETED:4:39.232095714
WORKER_7:COMPLETED:3:39.374464526
WORKER_2:COMPLETED:3:39.652566769
WORKER_11:COMPLETED:3:40.123567164
WORKER_4:COMPLETED:3:40.220606523
WORKER_8:COMPLETED:3:40.566384921

=== 결과 집계 ===
실제 측정 시간: 41초
Worker 1: 3 쿼리 완료
Worker 2: 3 쿼리 완료
Worker 3: 5 쿼리 완료
Worker 4: 3 쿼리 완료
Worker 5: 5 쿼리 완료
Worker 6: 3 쿼리 완료
Worker 7: 3 쿼리 완료
Worker 8: 3 쿼리 완료
Worker 9: 4 쿼리 완료
Worker 10: 5 쿼리 완료
Worker 11: 3 쿼리 완료
Worker 12: 4 쿼리 완료
Worker 13: 3 쿼리 완료
Worker 14: 3 쿼리 완료
Worker 15: 3 쿼리 완료
Worker 16: 3 쿼리 완료

총 완료 쿼리: 56
QPS (Query Per Second): 1.36
평균 쿼리 실행 시간: 10.3710초
종료 시간: Thu Jul 17 02:44:34 PM KST 2025
