=== CPU 모드 QPS 측정 ===
측정 시간: 30초
동시 실행: 8개 쿼리
시작 시간: Thu Jul 17 02:42:23 PM KST 2025

WORKER_7:COMPLETED:6:34.528981631
WORKER_5:COMPLETED:6:34.568029488
WORKER_4:COMPLETED:6:34.609490061
WORKER_8:COMPLETED:6:34.676035502
WORKER_3:COMPLETED:3:35.661493372
WORKER_2:COMPLETED:3:36.178838849
WORKER_6:COMPLETED:3:37.275867407
WORKER_1:COMPLETED:3:37.331809412

=== 결과 집계 ===
실제 측정 시간: 38초
Worker 1: 3 쿼리 완료
Worker 2: 3 쿼리 완료
Worker 3: 3 쿼리 완료
Worker 4: 6 쿼리 완료
Worker 5: 6 쿼리 완료
Worker 6: 3 쿼리 완료
Worker 7: 6 쿼리 완료
Worker 8: 6 쿼리 완료

총 완료 쿼리: 36
QPS (Query Per Second): .94
평균 쿼리 실행 시간: 7.9119초
종료 시간: Thu Jul 17 02:43:01 PM KST 2025
