=== GPU 모드 QPS 측정 ===
측정 시간: 30초
동시 실행: 8개 쿼리
시작 시간: Thu Jul 17 02:41:43 PM KST 2025

WORKER_1:COMPLETED:3:30.910888290
WORKER_4:COMPLETED:3:31.010819295
WORKER_5:COMPLETED:3:31.261910176
WORKER_2:COMPLETED:3:31.419159742
WORKER_3:COMPLETED:2:35.474880660
WORKER_8:COMPLETED:2:35.512344191
WORKER_7:COMPLETED:2:35.541924143
WORKER_6:COMPLETED:2:35.545205172

=== 결과 집계 ===
실제 측정 시간: 35초
Worker 1: 3 쿼리 완료
Worker 2: 3 쿼리 완료
Worker 3: 2 쿼리 완료
Worker 4: 3 쿼리 완료
Worker 5: 3 쿼리 완료
Worker 6: 2 쿼리 완료
Worker 7: 2 쿼리 완료
Worker 8: 2 쿼리 완료

총 완료 쿼리: 20
QPS (Query Per Second): .57
평균 쿼리 실행 시간: 13.3338초
종료 시간: Thu Jul 17 02:42:18 PM KST 2025
