=== CPU 모드 QPS 측정 ===
측정 시간: 30초
동시 실행: 8개 쿼리
시작 시간: Thu Jul 17 03:25:47 PM KST 2025

WORKER_3:COMPLETED:3:30.779856660
WORKER_6:COMPLETED:3:30.849931213
WORKER_2:COMPLETED:3:30.996859809
WORKER_7:COMPLETED:3:31.004199409
WORKER_1:COMPLETED:2:38.047064721
WORKER_5:COMPLETED:2:38.457865577
WORKER_8:COMPLETED:2:38.582136661
WORKER_4:COMPLETED:2:38.810475614

=== 결과 집계 ===
실제 측정 시간: 39초
Worker 1: 2 쿼리 완료
Worker 2: 3 쿼리 완료
Worker 3: 3 쿼리 완료
Worker 4: 2 쿼리 완료
Worker 5: 2 쿼리 완료
Worker 6: 3 쿼리 완료
Worker 7: 3 쿼리 완료
Worker 8: 2 쿼리 완료

총 완료 쿼리: 20
QPS (Query Per Second): .51
평균 쿼리 실행 시간: 13.8764초
종료 시간: Thu Jul 17 03:26:26 PM KST 2025
