=== GPU 모드 QPS 측정 ===
측정 시간: 30초
동시 실행: 8개 쿼리
시작 시간: Thu Jul 17 03:19:43 PM KST 2025

WORKER_3:COMPLETED:1:43.989375806
WORKER_6:COMPLETED:1:43.990915208
WORKER_8:COMPLETED:1:43.994206193
WORKER_4:COMPLETED:1:44.000147308
WORKER_5:COMPLETED:2:43.995666117
WORKER_2:COMPLETED:2:44.005455487
WORKER_1:COMPLETED:2:44.866325827
WORKER_7:COMPLETED:2:44.870195324

=== 결과 집계 ===
실제 측정 시간: 45초
Worker 1: 2 쿼리 완료
Worker 2: 2 쿼리 완료
Worker 3: 1 쿼리 완료
Worker 4: 1 쿼리 완료
Worker 5: 2 쿼리 완료
Worker 6: 1 쿼리 완료
Worker 7: 2 쿼리 완료
Worker 8: 1 쿼리 완료

총 완료 쿼리: 12
QPS (Query Per Second): .26
평균 쿼리 실행 시간: 29.4760초
종료 시간: Thu Jul 17 03:20:28 PM KST 2025
