=== GPU 모드 QPS 측정 ===
측정 시간: 30초
동시 실행: 8개 쿼리
시작 시간: Thu Jul 17 03:22:44 PM KST 2025

WORKER_4:COMPLETED:1:51.328695763
WORKER_3:COMPLETED:1:51.332200800
WORKER_6:COMPLETED:1:51.353291654
WORKER_8:COMPLETED:1:52.580896084
WORKER_2:COMPLETED:2:53.621019209
WORKER_5:COMPLETED:2:53.626757212
WORKER_7:COMPLETED:2:53.631728711
WORKER_1:COMPLETED:2:53.664645691

=== 결과 집계 ===
실제 측정 시간: 54초
Worker 1: 2 쿼리 완료
Worker 2: 2 쿼리 완료
Worker 3: 1 쿼리 완료
Worker 4: 1 쿼리 완료
Worker 5: 2 쿼리 완료
Worker 6: 1 쿼리 완료
Worker 7: 2 쿼리 완료
Worker 8: 1 쿼리 완료

총 완료 쿼리: 12
QPS (Query Per Second): .22
평균 쿼리 실행 시간: 35.0949초
종료 시간: Thu Jul 17 03:23:38 PM KST 2025
