=== GPU 모드 QPS 측정 ===
측정 시간: 30초
동시 실행: 8개 쿼리
시작 시간: Thu Jul 17 03:21:20 PM KST 2025

WORKER_5:COMPLETED:1:38.989164430
WORKER_3:COMPLETED:1:38.997494157
WORKER_8:COMPLETED:1:38.999678092
WORKER_6:COMPLETED:1:39.004466713
WORKER_2:COMPLETED:2:39.044199241
WORKER_1:COMPLETED:2:39.072217356
WORKER_7:COMPLETED:2:39.073730477
WORKER_4:COMPLETED:2:39.118725123

=== 결과 집계 ===
실제 측정 시간: 39초
Worker 1: 2 쿼리 완료
Worker 2: 2 쿼리 완료
Worker 3: 1 쿼리 완료
Worker 4: 2 쿼리 완료
Worker 5: 1 쿼리 완료
Worker 6: 1 쿼리 완료
Worker 7: 2 쿼리 완료
Worker 8: 1 쿼리 완료

총 완료 쿼리: 12
QPS (Query Per Second): .30
평균 쿼리 실행 시간: 26.0249초
종료 시간: Thu Jul 17 03:21:59 PM KST 2025
