=== CPU 모드 QPS 측정 ===
측정 시간: 30초
동시 실행: 8개 쿼리
시작 시간: Thu Jul 17 03:20:33 PM KST 2025

WORKER_8:COMPLETED:2:30.327029001
WORKER_5:COMPLETED:2:30.469434588
WORKER_4:COMPLETED:2:30.662493047
WORKER_1:COMPLETED:4:41.120817147
WORKER_2:COMPLETED:4:41.360941723
WORKER_6:COMPLETED:4:41.464180820
WORKER_7:COMPLETED:4:41.599881041
WORKER_3:COMPLETED:3:44.410454236

=== 결과 집계 ===
실제 측정 시간: 44초
Worker 1: 4 쿼리 완료
Worker 2: 4 쿼리 완료
Worker 3: 3 쿼리 완료
Worker 4: 2 쿼리 완료
Worker 5: 2 쿼리 완료
Worker 6: 4 쿼리 완료
Worker 7: 4 쿼리 완료
Worker 8: 2 쿼리 완료

총 완료 쿼리: 25
QPS (Query Per Second): .56
평균 쿼리 실행 시간: 12.0566초
종료 시간: Thu Jul 17 03:21:17 PM KST 2025
