=== CPU 모드 QPS 측정 ===
측정 시간: 30초
동시 실행: 16개 쿼리
시작 시간: Thu Jul 17 03:33:43 PM KST 2025

WORKER_15:COMPLETED:1:34.319742082
WORKER_8:COMPLETED:1:34.846572673
WORKER_2:COMPLETED:1:35.404968457
WORKER_16:COMPLETED:1:35.409167999
WORKER_14:COMPLETED:1:35.421913533
WORKER_10:COMPLETED:1:35.427783411
WORKER_12:COMPLETED:1:35.432112197
WORKER_5:COMPLETED:1:35.437808656
WORKER_4:COMPLETED:1:35.440991421
WORKER_13:COMPLETED:1:35.476530413
WORKER_1:COMPLETED:1:35.511472583
WORKER_9:COMPLETED:1:35.516926483
WORKER_7:COMPLETED:1:35.550092890
WORKER_11:COMPLETED:1:35.553875944
WORKER_3:COMPLETED:1:35.566386104
WORKER_6:COMPLETED:1:35.572470107

=== 결과 집계 ===
실제 측정 시간: 35초
Worker 1: 1 쿼리 완료
Worker 2: 1 쿼리 완료
Worker 3: 1 쿼리 완료
Worker 4: 1 쿼리 완료
Worker 5: 1 쿼리 완료
Worker 6: 1 쿼리 완료
Worker 7: 1 쿼리 완료
Worker 8: 1 쿼리 완료
Worker 9: 1 쿼리 완료
Worker 10: 1 쿼리 완료
Worker 11: 1 쿼리 완료
Worker 12: 1 쿼리 완료
Worker 13: 1 쿼리 완료
Worker 14: 1 쿼리 완료
Worker 15: 1 쿼리 완료
Worker 16: 1 쿼리 완료

총 완료 쿼리: 16
QPS (Query Per Second): .45
평균 쿼리 실행 시간: 35.3680초
종료 시간: Thu Jul 17 03:34:18 PM KST 2025
