=== GPU 모드 QPS 측정 ===
측정 시간: 60초
동시 실행: 16개 쿼리
시작 시간: Thu Jul 17 03:32:09 PM KST 2025

WORKER_11:COMPLETED:2:79.883498714
WORKER_13:COMPLETED:2:80.485281669
WORKER_5:COMPLETED:2:81.484337236
WORKER_4:COMPLETED:2:82.507596297
WORKER_1:COMPLETED:2:83.259867172
WORKER_8:COMPLETED:2:83.730039634
WORKER_3:COMPLETED:2:83.754828100
WORKER_12:COMPLETED:2:83.757989537
WORKER_2:COMPLETED:2:83.765619720
WORKER_15:COMPLETED:3:83.760214541
WORKER_10:COMPLETED:2:83.775169316
WORKER_7:COMPLETED:2:83.782316666
WORKER_16:COMPLETED:2:83.815264003
WORKER_14:COMPLETED:2:83.825099671
WORKER_9:COMPLETED:2:83.845910436
WORKER_6:COMPLETED:2:83.868485396

=== 결과 집계 ===
실제 측정 시간: 83초
Worker 1: 2 쿼리 완료
Worker 2: 2 쿼리 완료
Worker 3: 2 쿼리 완료
Worker 4: 2 쿼리 완료
Worker 5: 2 쿼리 완료
Worker 6: 2 쿼리 완료
Worker 7: 2 쿼리 완료
Worker 8: 2 쿼리 완료
Worker 9: 2 쿼리 완료
Worker 10: 2 쿼리 완료
Worker 11: 2 쿼리 완료
Worker 12: 2 쿼리 완료
Worker 13: 2 쿼리 완료
Worker 14: 2 쿼리 완료
Worker 15: 3 쿼리 완료
Worker 16: 2 쿼리 완료

총 완료 쿼리: 33
QPS (Query Per Second): .39
평균 쿼리 실행 시간: 40.2818초
종료 시간: Thu Jul 17 03:33:33 PM KST 2025
