=== CPU 모드 QPS 측정 ===
측정 시간: 30초
동시 실행: 8개 쿼리
시작 시간: Thu Jul 17 03:30:53 PM KST 2025

WORKER_2:COMPLETED:2:55.345566967
WORKER_1:COMPLETED:2:55.373176921
WORKER_3:COMPLETED:2:55.511746803
WORKER_4:COMPLETED:2:55.643857075
WORKER_7:COMPLETED:1:69.112956958
WORKER_8:COMPLETED:1:71.562906507
WORKER_6:COMPLETED:1:71.739349820
WORKER_5:COMPLETED:1:72.578065583

=== 결과 집계 ===
실제 측정 시간: 73초
Worker 1: 2 쿼리 완료
Worker 2: 2 쿼리 완료
Worker 3: 2 쿼리 완료
Worker 4: 2 쿼리 완료
Worker 5: 1 쿼리 완료
Worker 6: 1 쿼리 완료
Worker 7: 1 쿼리 완료
Worker 8: 1 쿼리 완료

총 완료 쿼리: 12
QPS (Query Per Second): .16
평균 쿼리 실행 시간: 42.2389초
종료 시간: Thu Jul 17 03:32:06 PM KST 2025
