=== GPU 모드 QPS 측정 ===
측정 시간: 30초
동시 실행: 8개 쿼리
시작 시간: Thu Jul 17 03:28:09 PM KST 2025

WORKER_6:COMPLETED:1:35.772514315
WORKER_7:COMPLETED:1:38.334437919
WORKER_4:COMPLETED:1:39.412708773
WORKER_1:COMPLETED:1:39.433841084
WORKER_5:COMPLETED:1:40.133415179
WORKER_3:COMPLETED:1:40.574327978
WORKER_8:COMPLETED:1:57.625187334
WORKER_2:COMPLETED:1:58.572789110

=== 결과 집계 ===
실제 측정 시간: 59초
Worker 1: 1 쿼리 완료
Worker 2: 1 쿼리 완료
Worker 3: 1 쿼리 완료
Worker 4: 1 쿼리 완료
Worker 5: 1 쿼리 완료
Worker 6: 1 쿼리 완료
Worker 7: 1 쿼리 완료
Worker 8: 1 쿼리 완료

총 완료 쿼리: 8
QPS (Query Per Second): .13
평균 쿼리 실행 시간: 43.7324초
종료 시간: Thu Jul 17 03:29:08 PM KST 2025
