=== GPU 모드 QPS 측정 ===
측정 시간: 30초
동시 실행: 8개 쿼리
시작 시간: Thu Jul 17 03:26:29 PM KST 2025

WORKER_6:COMPLETED:1:34.223856146
WORKER_5:COMPLETED:1:34.292223964
WORKER_4:COMPLETED:1:34.321012812
WORKER_1:COMPLETED:1:34.339001695
WORKER_7:COMPLETED:1:34.563476367
WORKER_8:COMPLETED:1:34.572909971
WORKER_3:COMPLETED:1:34.648636641
WORKER_2:COMPLETED:1:34.689382775

=== 결과 집계 ===
실제 측정 시간: 35초
Worker 1: 1 쿼리 완료
Worker 2: 1 쿼리 완료
Worker 3: 1 쿼리 완료
Worker 4: 1 쿼리 완료
Worker 5: 1 쿼리 완료
Worker 6: 1 쿼리 완료
Worker 7: 1 쿼리 완료
Worker 8: 1 쿼리 완료

총 완료 쿼리: 8
QPS (Query Per Second): .22
평균 쿼리 실행 시간: 34.4563초
종료 시간: Thu Jul 17 03:27:04 PM KST 2025
