=== CPU 모드 QPS 측정 ===
측정 시간: 30초
동시 실행: 8개 쿼리
시작 시간: Thu Jul 17 03:27:09 PM KST 2025

WORKER_5:COMPLETED:1:57.032892137
WORKER_2:COMPLETED:1:57.038806989
WORKER_6:COMPLETED:1:57.041409721
WORKER_3:COMPLETED:1:57.061343648
WORKER_8:COMPLETED:1:57.074671281
WORKER_4:COMPLETED:1:57.078494494
WORKER_7:COMPLETED:1:57.161997981
WORKER_1:COMPLETED:1:57.165602889

=== 결과 집계 ===
실제 측정 시간: 57초
Worker 1: 1 쿼리 완료
Worker 2: 1 쿼리 완료
Worker 3: 1 쿼리 완료
Worker 4: 1 쿼리 완료
Worker 5: 1 쿼리 완료
Worker 6: 1 쿼리 완료
Worker 7: 1 쿼리 완료
Worker 8: 1 쿼리 완료

총 완료 쿼리: 8
QPS (Query Per Second): .14
평균 쿼리 실행 시간: 57.0819초
종료 시간: Thu Jul 17 03:28:06 PM KST 2025
