=== GPU 모드 QPS 측정 ===
측정 시간: 30초
동시 실행: 8개 쿼리
시작 시간: Thu Jul 17 03:12:01 PM KST 2025

WORKER_3:COMPLETED:1:47.004545412
WORKER_6:COMPLETED:1:47.006711258
WORKER_5:COMPLETED:2:47.005756190
WORKER_2:COMPLETED:1:47.015649213
WORKER_8:COMPLETED:1:47.017760384
WORKER_4:COMPLETED:2:47.015114117
WORKER_1:COMPLETED:2:47.021502313
WORKER_7:COMPLETED:2:47.023618110

=== 결과 집계 ===
실제 측정 시간: 47초
Worker 1: 2 쿼리 완료
Worker 2: 1 쿼리 완료
Worker 3: 1 쿼리 완료
Worker 4: 2 쿼리 완료
Worker 5: 2 쿼리 완료
Worker 6: 1 쿼리 완료
Worker 7: 2 쿼리 완료
Worker 8: 1 쿼리 완료

총 완료 쿼리: 12
QPS (Query Per Second): .25
평균 쿼리 실행 시간: 31.3425초
종료 시간: Thu Jul 17 03:12:48 PM KST 2025
