=== GPU 모드 QPS 측정 ===
측정 시간: 30초
동시 실행: 16개 쿼리
시작 시간: Thu Jul 17 03:18:05 PM KST 2025

WORKER_5:COMPLETED:1:33.742622185
WORKER_10:COMPLETED:1:34.916252338
WORKER_1:COMPLETED:1:35.062840571
WORKER_16:COMPLETED:1:35.116463989
WORKER_14:COMPLETED:1:43.942261087
WORKER_2:COMPLETED:1:43.948754726
WORKER_11:COMPLETED:1:43.952377692
WORKER_15:COMPLETED:1:43.957674606
WORKER_8:COMPLETED:1:43.968632580
WORKER_9:COMPLETED:1:43.981827641
WORKER_6:COMPLETED:1:43.985922209
WORKER_3:COMPLETED:1:44.022841631
WORKER_13:COMPLETED:1:44.025139235
WORKER_4:COMPLETED:1:44.032552754
WORKER_12:COMPLETED:1:44.068898637
WORKER_7:COMPLETED:1:44.073773981

=== 결과 집계 ===
실제 측정 시간: 44초
Worker 1: 1 쿼리 완료
Worker 2: 1 쿼리 완료
Worker 3: 1 쿼리 완료
Worker 4: 1 쿼리 완료
Worker 5: 1 쿼리 완료
Worker 6: 1 쿼리 완료
Worker 7: 1 쿼리 완료
Worker 8: 1 쿼리 완료
Worker 9: 1 쿼리 완료
Worker 10: 1 쿼리 완료
Worker 11: 1 쿼리 완료
Worker 12: 1 쿼리 완료
Worker 13: 1 쿼리 완료
Worker 14: 1 쿼리 완료
Worker 15: 1 쿼리 완료
Worker 16: 1 쿼리 완료

총 완료 쿼리: 16
QPS (Query Per Second): .36
평균 쿼리 실행 시간: 41.6749초
종료 시간: Thu Jul 17 03:18:49 PM KST 2025
