=== CPU 모드 QPS 측정 ===
측정 시간: 30초
동시 실행: 16개 쿼리
시작 시간: Thu Jul 17 03:18:54 PM KST 2025

WORKER_9:COMPLETED:2:29.817503911
WORKER_11:COMPLETED:2:29.961622179
WORKER_12:COMPLETED:2:30.101793881
WORKER_7:COMPLETED:2:30.556152180
WORKER_4:COMPLETED:2:30.722630915
WORKER_6:COMPLETED:2:30.897511193
WORKER_1:COMPLETED:2:31.043943835
WORKER_13:COMPLETED:3:34.142633026
WORKER_16:COMPLETED:2:34.513924236
WORKER_2:COMPLETED:3:34.649721469
WORKER_14:COMPLETED:3:34.824991989
WORKER_15:COMPLETED:3:34.961484016
WORKER_3:COMPLETED:3:39.745858858
WORKER_5:COMPLETED:3:43.111023492
WORKER_8:COMPLETED:3:43.221932084
WORKER_10:COMPLETED:3:43.953022700

=== 결과 집계 ===
실제 측정 시간: 44초
Worker 1: 2 쿼리 완료
Worker 2: 3 쿼리 완료
Worker 3: 3 쿼리 완료
Worker 4: 2 쿼리 완료
Worker 5: 3 쿼리 완료
Worker 6: 2 쿼리 완료
Worker 7: 2 쿼리 완료
Worker 8: 3 쿼리 완료
Worker 9: 2 쿼리 완료
Worker 10: 3 쿼리 완료
Worker 11: 2 쿼리 완료
Worker 12: 2 쿼리 완료
Worker 13: 3 쿼리 완료
Worker 14: 3 쿼리 완료
Worker 15: 3 쿼리 완료
Worker 16: 2 쿼리 완료

총 완료 쿼리: 40
QPS (Query Per Second): .90
평균 쿼리 실행 시간: 13.9056초
종료 시간: Thu Jul 17 03:19:38 PM KST 2025
