=== GPU 모드 QPS 측정 ===
측정 시간: 30초
동시 실행: 8개 쿼리
시작 시간: Thu Jul 17 03:10:36 PM KST 2025

WORKER_8:COMPLETED:1:35.077345311
WORKER_2:COMPLETED:1:35.838275871
WORKER_4:COMPLETED:1:35.871444490
WORKER_5:COMPLETED:2:35.869794399
WORKER_6:COMPLETED:1:35.881799225
WORKER_1:COMPLETED:2:35.878070479
WORKER_7:COMPLETED:2:35.883321551
WORKER_3:COMPLETED:2:35.887349707

=== 결과 집계 ===
실제 측정 시간: 36초
Worker 1: 2 쿼리 완료
Worker 2: 1 쿼리 완료
Worker 3: 2 쿼리 완료
Worker 4: 1 쿼리 완료
Worker 5: 2 쿼리 완료
Worker 6: 1 쿼리 완료
Worker 7: 2 쿼리 완료
Worker 8: 1 쿼리 완료

총 완료 쿼리: 12
QPS (Query Per Second): .33
평균 쿼리 실행 시간: 23.8489초
종료 시간: Thu Jul 17 03:11:12 PM KST 2025
