=== GPU 모드 QPS 측정 ===
측정 시간: 30초
동시 실행: 8개 쿼리
시작 시간: Thu Jul 17 03:09:09 PM KST 2025

WORKER_5:COMPLETED:1:35.979986222
WORKER_7:COMPLETED:1:35.985281504
WORKER_2:COMPLETED:1:35.989834777
WORKER_8:COMPLETED:1:35.991644055
WORKER_6:COMPLETED:1:36.016213288
WORKER_3:COMPLETED:1:36.047224682
WORKER_4:COMPLETED:1:36.051360093
WORKER_1:COMPLETED:1:36.054846614

=== 결과 집계 ===
실제 측정 시간: 36초
Worker 1: 1 쿼리 완료
Worker 2: 1 쿼리 완료
Worker 3: 1 쿼리 완료
Worker 4: 1 쿼리 완료
Worker 5: 1 쿼리 완료
Worker 6: 1 쿼리 완료
Worker 7: 1 쿼리 완료
Worker 8: 1 쿼리 완료

총 완료 쿼리: 8
QPS (Query Per Second): .22
평균 쿼리 실행 시간: 36.0145초
종료 시간: Thu Jul 17 03:09:45 PM KST 2025
