=== GPU 모드 QPS 측정 ===
측정 시간: 30초
동시 실행: 8개 쿼리
시작 시간: Thu Jul 17 03:16:18 PM KST 2025

WORKER_4:COMPLETED:1:53.691301359
WORKER_7:COMPLETED:1:53.702340520
WORKER_5:COMPLETED:1:53.707328876
WORKER_6:COMPLETED:1:53.722745720
WORKER_3:COMPLETED:2:53.747882426
WORKER_1:COMPLETED:2:53.756182861
WORKER_8:COMPLETED:2:53.791487431
WORKER_2:COMPLETED:2:53.795138766

=== 결과 집계 ===
실제 측정 시간: 54초
Worker 1: 2 쿼리 완료
Worker 2: 2 쿼리 완료
Worker 3: 2 쿼리 완료
Worker 4: 1 쿼리 완료
Worker 5: 1 쿼리 완료
Worker 6: 1 쿼리 완료
Worker 7: 1 쿼리 완료
Worker 8: 2 쿼리 완료

총 완료 쿼리: 12
QPS (Query Per Second): .22
평균 쿼리 실행 시간: 35.8262초
종료 시간: Thu Jul 17 03:17:12 PM KST 2025
