=== CPU 모드 QPS 측정 ===
측정 시간: 30초
동시 실행: 8개 쿼리
시작 시간: Thu Jul 17 03:12:53 PM KST 2025

WORKER_6:COMPLETED:2:29.441019214
WORKER_8:COMPLETED:3:29.960405675
WORKER_4:COMPLETED:2:29.998734729
WORKER_1:COMPLETED:2:30.128100099
WORKER_2:COMPLETED:3:36.646881327
WORKER_3:COMPLETED:3:36.694322214
WORKER_5:COMPLETED:2:36.821141031
WORKER_7:COMPLETED:3:37.269402104

=== 결과 집계 ===
실제 측정 시간: 38초
Worker 1: 2 쿼리 완료
Worker 2: 3 쿼리 완료
Worker 3: 3 쿼리 완료
Worker 4: 2 쿼리 완료
Worker 5: 2 쿼리 완료
Worker 6: 2 쿼리 완료
Worker 7: 3 쿼리 완료
Worker 8: 3 쿼리 완료

총 완료 쿼리: 20
QPS (Query Per Second): .52
평균 쿼리 실행 시간: 13.3480초
종료 시간: Thu Jul 17 03:13:31 PM KST 2025
